Build started 12/16/2015 10:47:12 PM.
     1>Project "C:\Users\User\Desktop\IGraphics\IGraphics\IGraphics.vcxproj" on node 2 (build target(s)).
     1>InitializeBuildStatus:
         Creating "Debug\IGraphics.unsuccessfulbuild" because "AlwaysCreate" was specified.
       ClCompile:
         C:\Program Files (x86)\Microsoft Visual Studio 10.0\VC\bin\CL.exe /c /ZI /nologo /W3 /WX- /Od /Oy- /D _MBCS /Gm /EHsc /RTC1 /MDd /GS /fp:precise /Zc:wchar_t /Zc:forScope /Fo"Debug\\" /Fd"Debug\vc100.pdb" /Gd /TP /analyze- /errorReport:prompt ballon_soot.cpp
         ballon_soot.cpp
     1>c:\users\user\desktop\igraphics\igraphics\igraphics.h(104): warning C4101: 'k' : unreferenced local variable
       Link:
         C:\Program Files (x86)\Microsoft Visual Studio 10.0\VC\bin\link.exe /ERRORREPORT:PROMPT /OUT:"C:\Users\User\Desktop\IGraphics\Debug\IGraphics.exe" /NOLOGO kernel32.lib user32.lib gdi32.lib winspool.lib comdlg32.lib advapi32.lib shell32.lib ole32.lib oleaut32.lib uuid.lib odbc32.lib odbccp32.lib /MANIFEST /ManifestFile:"Debug\IGraphics.exe.intermediate.manifest" /MANIFESTUAC:"level='asInvoker' uiAccess='false'" /DEBUG /PDB:"C:\Users\User\Desktop\IGraphics\Debug\IGraphics.pdb" /TLBID:1 /DYNAMICBASE /NXCOMPAT /IMPLIB:"C:\Users\User\Desktop\IGraphics\Debug\IGraphics.lib" /MACHINE:X86 Debug\ballon_soot.obj
         LINK : C:\Users\User\Desktop\IGraphics\Debug\IGraphics.exe not found or not built by the last incremental link; performing full link
         IGraphics.vcxproj -> C:\Users\User\Desktop\IGraphics\Debug\IGraphics.exe
       Manifest:
         C:\Program Files (x86)\Microsoft SDKs\Windows\v7.0A\bin\mt.exe /nologo /verbose /outputresource:"C:\Users\User\Desktop\IGraphics\Debug\IGraphics.exe;#1" /manifest Debug\IGraphics.exe.intermediate.manifest
       CopyFilesToOutputDirectory:
         Copying file from "Debug\IGraphics.pdb" to "C:\Users\User\Desktop\IGraphics\Debug\IGraphics.pdb".
       FinalizeBuildStatus:
         Deleting file "Debug\IGraphics.unsuccessfulbuild".
         Touching "Debug\IGraphics.lastbuildstate".
     1>Done Building Project "C:\Users\User\Desktop\IGraphics\IGraphics\IGraphics.vcxproj" (build target(s)).

Build succeeded.

Time Elapsed 00:00:01.02
